00:00:00.000649 main     VirtualBox XPCOM Server 7.0.6_Ubuntu r155176 linux.amd64 (Jan 25 2023 11:16:26) release log
00:00:00.000652 main     Log opened 2024-03-17T10:43:17.258541000Z
00:00:00.000652 main     Build Type: release
00:00:00.000654 main     OS Product: Linux
00:00:00.000654 main     OS Release: 6.2.0-39-generic
00:00:00.000655 main     OS Version: #40-Ubuntu SMP PREEMPT_DYNAMIC Tue Nov 14 14:18:00 UTC 2023
00:00:00.000673 main     DMI Product Name: Swift SF314-512
00:00:00.000676 main     DMI Product Version: V1.10
00:00:00.000679 main     Firmware type: UEFI
00:00:00.001643 main     Secure Boot: Disabled
00:00:00.001697 main     Host RAM: 15687MB (15.3GB) total, 6464MB (6.3GB) available
00:00:00.001699 main     Executable: /usr/lib/virtualbox/VBoxSVC
00:00:00.001699 main     Process ID: 34546
00:00:00.001700 main     Package type: LINUX_64BITS_GENERIC (OSE)
00:00:00.002410 main     IPC socket path: /tmp/.vbox-richtoo-ipc/ipcd
00:00:00.108283 nspr-2   VirtualBox: object creation starts
00:00:00.109664 nspr-2   Home directory: '/home/richtoo/.config/VirtualBox'
00:00:00.126634 nspr-2   NetIfAdpCtlOut: VBoxNetAdpCtl: Error while retrieving link speed for wlp0s20f3: VBoxNetAdpCtl: ioctl failed: Operation not supported
00:00:00.127788 nspr-2   HostDnsMonitor: initializing
00:00:00.128073 nspr-2   NAT: resolv.conf: nameserver 127.0.0.53
00:00:00.128088 nspr-2   NAT: resolv.conf: ignoring "options edns0 trust-ad"
00:00:00.128099 nspr-2   HostDnsMonitor: updating information
00:00:00.128125 nspr-2   HostDnsMonitor: old information
00:00:00.128129 nspr-2     no server entries
00:00:00.128131 nspr-2     no domain set
00:00:00.128133 nspr-2     no search string entries
00:00:00.128135 nspr-2   HostDnsMonitor: new information
00:00:00.128137 nspr-2     server 1: 127.0.0.53
00:00:00.128139 nspr-2     domain: .
00:00:00.128141 nspr-2     search string 1: .
00:00:00.131993 nspr-2   VD: VDInit finished with VINF_SUCCESS
00:00:00.132468 nspr-2   ERROR [COM]: aRC=NS_ERROR_FAILURE (0x80004005) aIID={aac6c7cb-a371-4c58-ab51-0616896b2f2c} aComponent={SystemPropertiesWrap} aText={Cannot determine default Guest Additions ISO location. Most likely they are not available}, preserve=false aResultDetail=0
00:00:00.145720 nspr-2   OCI: Local config file '/home/richtoo/.config/VirtualBox/oci_config' does not exist
00:00:00.145753 nspr-2   OCI: Original config file '/home/richtoo/.oci/config' does not exist
00:00:00.145757 nspr-2   OCI: Reading profiles finished with status NS_OK
00:00:00.145764 nspr-2   ExtPack: Created cloud provider 'OCI' (hrc=NS_OK)
00:00:00.145832 nspr-2   VirtualBox: object created
00:00:00.532456 nspr-4   Saving settings file "/home/richtoo/.config/VirtualBox/VirtualBox.xml" with version "1.12-linux"
00:00:00.536176 nspr-4   Finished saving settings file "/home/richtoo/.config/VirtualBox/VirtualBox.xml"
00:00:00.571734 nspr-2   Saving settings file "/home/richtoo/.config/VirtualBox/VirtualBox.xml" with version "1.12-linux"
00:00:00.575048 nspr-2   Finished saving settings file "/home/richtoo/.config/VirtualBox/VirtualBox.xml"
00:00:00.645842 nspr-2   WARNING [COM]: aRC=NS_ERROR_FAILURE (0x80004005) aIID={e54f6256-97a7-4947-8a78-10c013ddf4b8} aComponent={HostWrap} aText={VirtualBox is not currently allowed to access USB devices.  You can change this by adding your user to the 'vboxusers' group.  Please see the user manual for a more detailed explanation}, preserve=false aResultDetail=0
00:00:01.002194 nspr-3   Saving settings file "/home/richtoo/.config/VirtualBox/VirtualBox.xml" with version "1.12-linux"
00:00:01.014685 nspr-3   Finished saving settings file "/home/richtoo/.config/VirtualBox/VirtualBox.xml"
00:00:17.103516 nspr-2   Saving settings file "/home/richtoo/.config/VirtualBox/VirtualBox.xml" with version "1.12-linux"
00:00:17.114281 nspr-2   Finished saving settings file "/home/richtoo/.config/VirtualBox/VirtualBox.xml"
00:00:19.527919 nspr-2   Saving settings file "/home/richtoo/.config/VirtualBox/VirtualBox.xml" with version "1.12-linux"
00:00:19.539761 nspr-2   Finished saving settings file "/home/richtoo/.config/VirtualBox/VirtualBox.xml"
00:00:34.790097 nspr-4   Saving settings file "/home/richtoo/.config/VirtualBox/VirtualBox.xml" with version "1.12-linux"
00:00:34.817418 nspr-4   Finished saving settings file "/home/richtoo/.config/VirtualBox/VirtualBox.xml"
00:00:39.819986 nspr-3   Saving settings file "/home/richtoo/.config/VirtualBox/VirtualBox.xml" with version "1.12-linux"
00:00:39.831978 nspr-3   Finished saving settings file "/home/richtoo/.config/VirtualBox/VirtualBox.xml"
00:00:41.008057 nspr-3   Saving settings file "/home/richtoo/.config/VirtualBox/VirtualBox.xml" with version "1.12-linux"
00:00:41.021585 nspr-3   Finished saving settings file "/home/richtoo/.config/VirtualBox/VirtualBox.xml"
00:00:54.575984 nspr-2   ERROR [COM]: aRC=NS_ERROR_FAILURE (0x80004005) aIID={aac6c7cb-a371-4c58-ab51-0616896b2f2c} aComponent={SystemPropertiesWrap} aText={Cannot determine default Guest Additions ISO location. Most likely they are not available}, preserve=false aResultDetail=0
00:01:00.121447 nspr-4   Saving settings file "/home/richtoo/.config/VirtualBox/VirtualBox.xml" with version "1.12-linux"
00:01:00.149136 nspr-4   Finished saving settings file "/home/richtoo/.config/VirtualBox/VirtualBox.xml"
00:01:07.179292 main     VirtualBox: object deletion starts
00:01:07.179508 main     HostDnsMonitor: shutting down ...
00:01:07.179875 main     HostDnsMonitor: shut down
00:01:07.191264 Watcher  ERROR [COM]: aRC=E_ACCESSDENIED (0x80070005) aIID={7682d5eb-f00e-44f1-8ca2-99d08b1cd607} aComponent={VirtualBoxWrap} aText={The object is not ready}, preserve=false aResultDetail=0
00:01:07.191397 main     VirtualBox: object deleted
