INFO 3/18/2024, 5:15:19 PM  launch with argv [/usr/share/typora/Typora]
INFO 3/18/2024, 5:15:20 PM  start LM in devVersion=false
INFO 3/18/2024, 5:15:20 PM  [Raven] instanceKey = 39151c6b-2372-46c5-9348-817978f35e4a
INFO 3/18/2024, 5:15:20 PM  [watch L]
INFO 3/18/2024, 5:15:20 PM  [L] installDate is 8/7/2023, trail remains: 0 days
INFO 3/18/2024, 5:15:20 PM  [watch L] hasL: true
INFO 3/18/2024, 5:15:20 PM  ------------------start------------------
INFO 3/18/2024, 5:15:20 PM  typora version: 1.6.6
INFO 3/18/2024, 5:15:20 PM  undefined
INFO 3/18/2024, 5:15:20 PM  [focus] 1
INFO 3/18/2024, 5:15:20 PM  synced recovery
INFO 3/18/2024, 5:15:20 PM  [Raven] userId = f20e0823-a5df-43aa-933f-b61c2bb3cd7c
INFO 3/18/2024, 5:15:20 PM  ls put SLicense
INFO 3/18/2024, 5:15:20 PM  handle document.loadData
INFO 3/18/2024, 5:15:20 PM  [RenderProcess 1][Log] [UndoManager] reset commandStack
INFO 3/18/2024, 5:15:20 PM  [RenderProcess 1][Log] reset NodeMap
INFO 3/18/2024, 5:15:20 PM  synced recovery
INFO 3/18/2024, 5:15:20 PM  [RenderProcess 1][Log] onBecomeActive
INFO 3/18/2024, 5:15:20 PM  [RenderProcess 1][Log] File.activeWindow = true
INFO 3/18/2024, 5:15:21 PM  synced recovery
INFO 3/18/2024, 5:15:21 PM  ----------------before-quit-----------------
INFO 3/18/2024, 5:15:21 PM  ------------------will-quit------------------
INFO 3/18/2024, 5:15:21 PM  -----------------quit------------------
INFO 3/18/2024, 5:15:21 PM  closeLogging
INFO 3/18/2024, 8:32:23 PM  launch with argv [/usr/share/typora/Typora]
INFO 3/18/2024, 8:32:23 PM  start LM in devVersion=false
INFO 3/18/2024, 8:32:23 PM  [Raven] instanceKey = 4423f82e-3f2d-42b5-a792-962e0ee43964
INFO 3/18/2024, 8:32:23 PM  [watch L]
INFO 3/18/2024, 8:32:23 PM  [L] installDate is 8/7/2023, trail remains: 0 days
INFO 3/18/2024, 8:32:23 PM  [watch L] hasL: true
INFO 3/18/2024, 8:32:23 PM  ------------------start------------------
INFO 3/18/2024, 8:32:23 PM  typora version: 1.6.6
INFO 3/18/2024, 8:32:23 PM  undefined
user-dict.json not found
INFO 3/18/2024, 8:32:23 PM  [focus] 1
INFO 3/18/2024, 8:32:23 PM  synced recovery
INFO 3/18/2024, 8:32:23 PM  [Raven] userId = f20e0823-a5df-43aa-933f-b61c2bb3cd7c
INFO 3/18/2024, 8:32:24 PM  handle document.loadData
INFO 3/18/2024, 8:32:24 PM  [RenderProcess 1][Log] [UndoManager] reset commandStack
INFO 3/18/2024, 8:32:24 PM  [RenderProcess 1][Log] reset NodeMap
INFO 3/18/2024, 8:32:24 PM  synced recovery
INFO 3/18/2024, 8:32:24 PM  ls put SLicense
INFO 3/18/2024, 8:32:24 PM  [RenderProcess 1][Log] onBecomeActive
INFO 3/18/2024, 8:32:24 PM  [RenderProcess 1][Log] File.activeWindow = true
INFO 3/18/2024, 8:32:24 PM  synced recovery
INFO 3/18/2024, 8:32:24 PM  ----------------before-quit-----------------
INFO 3/18/2024, 8:32:24 PM  ------------------will-quit------------------
INFO 3/18/2024, 8:32:24 PM  -----------------quit------------------
INFO 3/18/2024, 8:32:24 PM  closeLogging
INFO 3/18/2024, 8:47:48 PM  launch with argv [/usr/share/typora/Typora]
INFO 3/18/2024, 8:47:48 PM  start LM in devVersion=false
INFO 3/18/2024, 8:47:48 PM  [Raven] instanceKey = 02c64a1a-1f1c-44f0-94a6-7f9b97eb5b9d
INFO 3/18/2024, 8:47:48 PM  [watch L]
INFO 3/18/2024, 8:47:48 PM  [L] installDate is 8/7/2023, trail remains: 0 days
INFO 3/18/2024, 8:47:48 PM  [watch L] hasL: true
INFO 3/18/2024, 8:47:48 PM  ------------------start------------------
INFO 3/18/2024, 8:47:48 PM  typora version: 1.6.6
INFO 3/18/2024, 8:47:48 PM  undefined
user-dict.json not found
INFO 3/18/2024, 8:47:48 PM  [focus] 1
INFO 3/18/2024, 8:47:48 PM  synced recovery
INFO 3/18/2024, 8:47:48 PM  [Raven] userId = f20e0823-a5df-43aa-933f-b61c2bb3cd7c
INFO 3/18/2024, 8:47:49 PM  ls put SLicense
INFO 3/18/2024, 8:47:49 PM  handle document.loadData
INFO 3/18/2024, 8:47:49 PM  [RenderProcess 1][Log] [UndoManager] reset commandStack
INFO 3/18/2024, 8:47:49 PM  [RenderProcess 1][Log] reset NodeMap
INFO 3/18/2024, 8:47:49 PM  synced recovery
INFO 3/18/2024, 8:47:49 PM  [RenderProcess 1][Log] onBecomeActive
INFO 3/18/2024, 8:47:49 PM  [RenderProcess 1][Log] File.activeWindow = true
INFO 3/18/2024, 8:47:50 PM  synced recovery
INFO 3/18/2024, 8:47:50 PM  ----------------before-quit-----------------
INFO 3/18/2024, 8:47:50 PM  ------------------will-quit------------------
INFO 3/18/2024, 8:47:50 PM  -----------------quit------------------
INFO 3/18/2024, 8:47:50 PM  closeLogging
INFO 3/20/2024, 10:51:03 AM  launch with argv [/usr/share/typora/Typora]
INFO 3/20/2024, 10:51:03 AM  start LM in devVersion=false
INFO 3/20/2024, 10:51:03 AM  [Raven] instanceKey = b1c845ec-10d5-4f4a-9925-a4ef2f0a7a22
INFO 3/20/2024, 10:51:03 AM  [watch L]
INFO 3/20/2024, 10:51:03 AM  [L] installDate is 8/7/2023, trail remains: 0 days
INFO 3/20/2024, 10:51:03 AM  [watch L] hasL: true
INFO 3/20/2024, 10:51:03 AM  ------------------start------------------
INFO 3/20/2024, 10:51:03 AM  typora version: 1.6.6
INFO 3/20/2024, 10:51:03 AM  undefined
user-dict.json not found
INFO 3/20/2024, 10:51:03 AM  [focus] 1
INFO 3/20/2024, 10:51:03 AM  synced recovery
INFO 3/20/2024, 10:51:03 AM  [Raven] userId = f20e0823-a5df-43aa-933f-b61c2bb3cd7c
INFO 3/20/2024, 10:51:04 AM  ls put SLicense
INFO 3/20/2024, 10:51:04 AM  handle document.loadData
INFO 3/20/2024, 10:51:04 AM  [RenderProcess 1][Log] [UndoManager] reset commandStack
INFO 3/20/2024, 10:51:04 AM  [RenderProcess 1][Log] reset NodeMap
INFO 3/20/2024, 10:51:04 AM  synced recovery
INFO 3/20/2024, 10:51:04 AM  [RenderProcess 1][Log] onBecomeActive
INFO 3/20/2024, 10:51:04 AM  [RenderProcess 1][Log] File.activeWindow = true
INFO 3/20/2024, 10:51:06 AM  synced recovery
INFO 3/20/2024, 10:51:06 AM  ----------------before-quit-----------------
INFO 3/20/2024, 10:51:06 AM  ------------------will-quit------------------
INFO 3/20/2024, 10:51:06 AM  -----------------quit------------------
INFO 3/20/2024, 10:51:06 AM  closeLogging
INFO 3/20/2024, 10:51:10 AM  launch with argv [/usr/share/typora/Typora]
INFO 3/20/2024, 10:51:10 AM  start LM in devVersion=false
INFO 3/20/2024, 10:51:10 AM  [Raven] instanceKey = f748fb71-f2b3-46f6-b0f9-ce4c79608cd7
INFO 3/20/2024, 10:51:10 AM  [watch L]
INFO 3/20/2024, 10:51:10 AM  [L] installDate is 8/7/2023, trail remains: 0 days
INFO 3/20/2024, 10:51:10 AM  [watch L] hasL: true
INFO 3/20/2024, 10:51:10 AM  ------------------start------------------
INFO 3/20/2024, 10:51:10 AM  typora version: 1.6.6
INFO 3/20/2024, 10:51:10 AM  undefined
user-dict.json not found
INFO 3/20/2024, 10:51:10 AM  [focus] 1
INFO 3/20/2024, 10:51:10 AM  synced recovery
INFO 3/20/2024, 10:51:10 AM  [Raven] userId = f20e0823-a5df-43aa-933f-b61c2bb3cd7c
INFO 3/20/2024, 10:51:10 AM  handle document.loadData
INFO 3/20/2024, 10:51:10 AM  [RenderProcess 1][Log] [UndoManager] reset commandStack
INFO 3/20/2024, 10:51:10 AM  [RenderProcess 1][Log] reset NodeMap
INFO 3/20/2024, 10:51:10 AM  synced recovery
INFO 3/20/2024, 10:51:11 AM  [RenderProcess 1][Log] onBecomeActive
INFO 3/20/2024, 10:51:11 AM  [RenderProcess 1][Log] File.activeWindow = true
INFO 3/20/2024, 10:51:21 AM  [blur] 1
INFO 3/20/2024, 10:51:21 AM  [win] blur
INFO 3/20/2024, 10:51:21 AM  [blur] 1
INFO 3/20/2024, 10:51:21 AM  [win] blur
INFO 3/20/2024, 10:51:21 AM  [focus] 1
INFO 3/20/2024, 10:51:21 AM  [blur] 1
INFO 3/20/2024, 10:51:21 AM  [win] blur
INFO 3/20/2024, 10:51:21 AM  [focus] 1
INFO 3/20/2024, 10:51:21 AM  [blur] 1
INFO 3/20/2024, 10:51:21 AM  [win] blur
INFO 3/20/2024, 10:51:21 AM  [focus] 1
INFO 3/20/2024, 10:51:27 AM  switchDocument 1 [/home/richtoo/Desktop/My-Wiki/docs/index.md]
INFO 3/20/2024, 10:51:27 AM  addRecentDocument
INFO 3/20/2024, 10:51:27 AM  synced recovery
INFO 3/20/2024, 10:51:27 AM  [RenderProcess 1][Log] File.activeWindow = true
INFO 3/20/2024, 10:51:27 AM  [RenderProcess 1][Log] [UndoManager] reset commandStack
INFO 3/20/2024, 10:51:27 AM  [RenderProcess 1][Log] reset NodeMap
INFO 3/20/2024, 10:51:27 AM  [RenderProcess 1][Log] readContentFrom /home/richtoo/Desktop/My-Wiki/docs/index.md
INFO 3/20/2024, 10:51:27 AM  synced recovery
INFO 3/20/2024, 10:51:43 AM  switchDocument 1 [/home/richtoo/Desktop/My-Wiki/docs/CNAME]
INFO 3/20/2024, 10:51:43 AM  addRecentDocument
INFO 3/20/2024, 10:51:43 AM  [RenderProcess 1][Log] File.activeWindow = true
INFO 3/20/2024, 10:51:43 AM  synced recovery
INFO 3/20/2024, 10:51:43 AM  [RenderProcess 1][Log] [UndoManager] reset commandStack
INFO 3/20/2024, 10:51:43 AM  [RenderProcess 1][Log] reset NodeMap
INFO 3/20/2024, 10:51:43 AM  [RenderProcess 1][Log] readContentFrom /home/richtoo/Desktop/My-Wiki/docs/CNAME
INFO 3/20/2024, 10:51:43 AM  synced recovery
INFO 3/20/2024, 10:51:45 AM  [blur] 1
INFO 3/20/2024, 10:51:45 AM  [win] blur
INFO 3/20/2024, 10:52:12 AM  [focus] 1
INFO 3/20/2024, 10:52:16 AM  switchDocument 1 [/home/richtoo/Desktop/My-Wiki/docs/MySQL/index.md]
INFO 3/20/2024, 10:52:16 AM  addRecentDocument
INFO 3/20/2024, 10:52:16 AM  [RenderProcess 1][Log] File.activeWindow = true
INFO 3/20/2024, 10:52:16 AM  [RenderProcess 1][Log] [UndoManager] reset commandStack
INFO 3/20/2024, 10:52:16 AM  [RenderProcess 1][Log] reset NodeMap
INFO 3/20/2024, 10:52:16 AM  synced recovery
INFO 3/20/2024, 10:52:16 AM  [RenderProcess 1][Log] readContentFrom /home/richtoo/Desktop/My-Wiki/docs/MySQL/index.md
INFO 3/20/2024, 10:52:16 AM  synced recovery
INFO 3/20/2024, 10:52:33 AM  switchDocument 1 [/home/richtoo/Desktop/My-Wiki/docs/RL/01Intro.md]
INFO 3/20/2024, 10:52:33 AM  addRecentDocument
INFO 3/20/2024, 10:52:33 AM  [RenderProcess 1][Log] File.activeWindow = true
INFO 3/20/2024, 10:52:33 AM  synced recovery
INFO 3/20/2024, 10:52:33 AM  [RenderProcess 1][Log] [UndoManager] reset commandStack
INFO 3/20/2024, 10:52:33 AM  [RenderProcess 1][Log] reset NodeMap
INFO 3/20/2024, 10:52:33 AM  [RenderProcess 1][Log] readContentFrom /home/richtoo/Desktop/My-Wiki/docs/RL/01Intro.md
INFO 3/20/2024, 10:52:33 AM  synced recovery
INFO 3/20/2024, 10:52:46 AM  switchDocument 1 [/home/richtoo/Desktop/My-Wiki/docs/RL/00info.md]
INFO 3/20/2024, 10:52:46 AM  addRecentDocument
INFO 3/20/2024, 10:52:46 AM  synced recovery
INFO 3/20/2024, 10:52:46 AM  [RenderProcess 1][Log] File.activeWindow = true
INFO 3/20/2024, 10:52:46 AM  [RenderProcess 1][Log] [UndoManager] reset commandStack
INFO 3/20/2024, 10:52:46 AM  [RenderProcess 1][Log] reset NodeMap
INFO 3/20/2024, 10:52:46 AM  [RenderProcess 1][Log] readContentFrom /home/richtoo/Desktop/My-Wiki/docs/RL/00info.md
INFO 3/20/2024, 10:52:46 AM  synced recovery
INFO 3/20/2024, 10:52:47 AM  switchDocument 1 [/home/richtoo/Desktop/My-Wiki/docs/RL/02Bellman.md]
INFO 3/20/2024, 10:52:47 AM  addRecentDocument
INFO 3/20/2024, 10:52:47 AM  [RenderProcess 1][Log] File.activeWindow = true
INFO 3/20/2024, 10:52:47 AM  synced recovery
INFO 3/20/2024, 10:52:47 AM  [RenderProcess 1][Log] [UndoManager] reset commandStack
INFO 3/20/2024, 10:52:47 AM  [RenderProcess 1][Log] reset NodeMap
INFO 3/20/2024, 10:52:47 AM  [RenderProcess 1][Log] readContentFrom /home/richtoo/Desktop/My-Wiki/docs/RL/02Bellman.md
INFO 3/20/2024, 10:52:47 AM  synced recovery
INFO 3/20/2024, 10:52:47 AM  switchDocument 1 [/home/richtoo/Desktop/My-Wiki/docs/RL/00info.md]
INFO 3/20/2024, 10:52:47 AM  addRecentDocument
INFO 3/20/2024, 10:52:47 AM  [RenderProcess 1][Log] File.activeWindow = true
INFO 3/20/2024, 10:52:47 AM  synced recovery
INFO 3/20/2024, 10:52:47 AM  [RenderProcess 1][Log] [UndoManager] reset commandStack
INFO 3/20/2024, 10:52:47 AM  [RenderProcess 1][Log] reset NodeMap
INFO 3/20/2024, 10:52:47 AM  [RenderProcess 1][Log] readContentFrom /home/richtoo/Desktop/My-Wiki/docs/RL/00info.md
INFO 3/20/2024, 10:52:47 AM  [RenderProcess 1][Log] do restoreEditStateFromData true true
INFO 3/20/2024, 10:52:47 AM  [RenderProcess 1][Log] reset NodeMap
INFO 3/20/2024, 10:52:47 AM  [RenderProcess 1][Log] [UndoManager] restoreFromJson all: 0 at: -1
INFO 3/20/2024, 10:52:47 AM  [RenderProcess 1][Log] File.reloadContent, {"fromDiskChange":true,"onInit":true}
INFO 3/20/2024, 10:52:47 AM  synced recovery
INFO 3/20/2024, 10:52:47 AM  [RenderProcess 1][Log] reset NodeMap
INFO 3/20/2024, 10:52:48 AM  switchDocument 1 [/home/richtoo/Desktop/My-Wiki/docs/RL/02Bellman.md]
INFO 3/20/2024, 10:52:48 AM  addRecentDocument
INFO 3/20/2024, 10:52:48 AM  synced recovery
INFO 3/20/2024, 10:52:48 AM  [RenderProcess 1][Log] File.activeWindow = true
INFO 3/20/2024, 10:52:48 AM  [RenderProcess 1][Log] [UndoManager] reset commandStack
INFO 3/20/2024, 10:52:48 AM  [RenderProcess 1][Log] reset NodeMap
INFO 3/20/2024, 10:52:48 AM  [RenderProcess 1][Log] readContentFrom /home/richtoo/Desktop/My-Wiki/docs/RL/02Bellman.md
INFO 3/20/2024, 10:52:48 AM  [RenderProcess 1][Log] do restoreEditStateFromData true true
INFO 3/20/2024, 10:52:48 AM  [RenderProcess 1][Log] reset NodeMap
INFO 3/20/2024, 10:52:48 AM  [RenderProcess 1][Log] [UndoManager] restoreFromJson all: 0 at: -1
INFO 3/20/2024, 10:52:48 AM  [RenderProcess 1][Log] File.reloadContent, {"fromDiskChange":true,"onInit":true}
INFO 3/20/2024, 10:52:48 AM  [RenderProcess 1][Log] reset NodeMap
INFO 3/20/2024, 10:52:48 AM  synced recovery
INFO 3/20/2024, 10:52:49 AM  synced recovery
INFO 3/20/2024, 10:53:12 AM  synced recovery
INFO 3/20/2024, 10:53:20 AM  synced recovery
INFO 3/20/2024, 10:53:32 AM  [blur] 1
INFO 3/20/2024, 10:53:32 AM  [win] blur
INFO 3/20/2024, 10:53:32 AM  [focus] 1
INFO 3/20/2024, 10:53:32 AM  [blur] 1
INFO 3/20/2024, 10:53:32 AM  [win] blur
INFO 3/20/2024, 10:53:33 AM  [focus] 1
INFO 3/20/2024, 10:53:34 AM  [blur] 1
INFO 3/20/2024, 10:53:34 AM  [win] blur
INFO 3/20/2024, 11:18:55 AM  [focus] 1
INFO 3/20/2024, 11:19:01 AM  switchDocument 1 [/home/richtoo/Desktop/My-Wiki/docs/KnowledgeGraph/neo4j.md]
INFO 3/20/2024, 11:19:01 AM  addRecentDocument
INFO 3/20/2024, 11:19:01 AM  synced recovery
INFO 3/20/2024, 11:19:01 AM  [RenderProcess 1][Log] File.activeWindow = true
INFO 3/20/2024, 11:19:01 AM  [RenderProcess 1][Log] [UndoManager] reset commandStack
INFO 3/20/2024, 11:19:01 AM  [RenderProcess 1][Log] reset NodeMap
INFO 3/20/2024, 11:19:01 AM  [RenderProcess 1][Log] readContentFrom /home/richtoo/Desktop/My-Wiki/docs/KnowledgeGraph/neo4j.md
INFO 3/20/2024, 11:19:01 AM  synced recovery
INFO 3/20/2024, 11:19:23 AM  [blur] 1
INFO 3/20/2024, 11:19:23 AM  [win] blur
INFO 3/20/2024, 11:19:49 AM  [focus] 1
INFO 3/20/2024, 11:20:43 AM  [blur] 1
INFO 3/20/2024, 11:20:43 AM  [win] blur
INFO 3/20/2024, 11:21:01 AM  [focus] 1
INFO 3/20/2024, 11:21:02 AM  [blur] 1
INFO 3/20/2024, 11:21:02 AM  [win] blur
INFO 3/20/2024, 12:13:02 PM  [focus] 1
INFO 3/20/2024, 12:13:02 PM  [blur] 1
INFO 3/20/2024, 12:13:02 PM  [win] blur
INFO 3/20/2024, 12:13:02 PM  [focus] 1
INFO 3/20/2024, 12:13:02 PM  [blur] 1
INFO 3/20/2024, 12:13:02 PM  [win] blur
INFO 3/20/2024, 12:13:02 PM  [blur] 1
INFO 3/20/2024, 12:13:02 PM  [win] blur
INFO 3/20/2024, 12:13:02 PM  [focus] 1
INFO 3/20/2024, 12:13:02 PM  [blur] 1
INFO 3/20/2024, 12:13:02 PM  [win] blur
INFO 3/20/2024, 12:13:02 PM  [focus] 1
INFO 3/20/2024, 12:13:02 PM  [blur] 1
INFO 3/20/2024, 12:13:02 PM  [win] blur
INFO 3/20/2024, 12:45:09 PM  [Power] suspend
INFO 3/20/2024, 12:45:09 PM  [Power] suspend
INFO 3/20/2024, 12:45:09 PM  [RenderProcess 1][Log] [powerMonitor] suspend
INFO 3/20/2024, 12:45:09 PM  [RenderProcess 1][Log] [powerMonitor] suspend
INFO 3/20/2024, 1:48:23 PM  [Power] resume
INFO 3/20/2024, 1:48:23 PM  [Power] resume
INFO 3/20/2024, 1:48:23 PM  [RenderProcess 1][Log] [powerMonitor] resume
INFO 3/20/2024, 1:48:23 PM  [RenderProcess 1][Log] [powerMonitor] resume
INFO 3/20/2024, 3:19:54 PM  launch with argv [/usr/share/typora/Typora]
INFO 3/20/2024, 3:19:55 PM  start LM in devVersion=false
INFO 3/20/2024, 3:19:55 PM  [Raven] instanceKey = d97b9554-ebac-4db2-8277-ef59d6c1b82d
INFO 3/20/2024, 3:19:55 PM  [watch L]
INFO 3/20/2024, 3:19:55 PM  [L] installDate is 8/7/2023, trail remains: 0 days
INFO 3/20/2024, 3:19:55 PM  [watch L] hasL: true
INFO 3/20/2024, 3:19:55 PM  ------------------start------------------
INFO 3/20/2024, 3:19:55 PM  typora version: 1.6.6
INFO 3/20/2024, 3:19:55 PM  undefined
user-dict.json not found
INFO 3/20/2024, 3:19:55 PM  launch from abnormal quit
INFO 3/20/2024, 3:19:55 PM  recoverWindow {"id":1,"path":"/home/richtoo/Desktop/My-Wiki/docs/KnowledgeGraph/neo4j.md","mountFolder":"/home/richtoo/Desktop/My-Wiki/docs"}
INFO 3/20/2024, 3:19:55 PM  addRecentDocument
INFO 3/20/2024, 3:19:55 PM  [Raven] userId = f20e0823-a5df-43aa-933f-b61c2bb3cd7c
INFO 3/20/2024, 3:19:55 PM  [focus] 1
INFO 3/20/2024, 3:19:55 PM  synced recovery
INFO 3/20/2024, 3:19:55 PM  ls put SLicense
INFO 3/20/2024, 3:19:56 PM  handle document.loadData
INFO 3/20/2024, 3:19:56 PM  [RenderProcess 1][Log] [UndoManager] reset commandStack
INFO 3/20/2024, 3:19:56 PM  [RenderProcess 1][Log] reset NodeMap
INFO 3/20/2024, 3:19:56 PM  [RenderProcess 1][Log] readContentFrom /home/richtoo/Desktop/My-Wiki/docs/KnowledgeGraph/neo4j.md
INFO 3/20/2024, 3:19:56 PM  synced recovery
INFO 3/20/2024, 3:19:56 PM  [RenderProcess 1][Log] onBecomeActive
INFO 3/20/2024, 3:19:56 PM  [RenderProcess 1][Log] File.activeWindow = true
INFO 3/20/2024, 3:20:02 PM  [blur] 1
INFO 3/20/2024, 3:20:02 PM  [win] blur
INFO 3/20/2024, 3:20:02 PM  synced recovery
INFO 3/20/2024, 3:27:31 PM  [focus] 1
INFO 3/20/2024, 3:27:34 PM  synced recovery
INFO 3/20/2024, 3:27:36 PM  synced recovery
INFO 3/20/2024, 3:27:38 PM  synced recovery
INFO 3/20/2024, 3:27:39 PM  synced recovery
INFO 3/20/2024, 3:27:43 PM  synced recovery
INFO 3/20/2024, 3:27:45 PM  synced recovery
INFO 3/20/2024, 3:27:46 PM  synced recovery
INFO 3/20/2024, 3:27:48 PM  synced recovery
INFO 3/20/2024, 3:27:56 PM  synced recovery
INFO 3/20/2024, 3:27:59 PM  synced recovery
INFO 3/20/2024, 3:28:01 PM  synced recovery
INFO 3/20/2024, 3:28:03 PM  synced recovery
INFO 3/20/2024, 3:28:05 PM  synced recovery
INFO 3/20/2024, 3:28:06 PM  [blur] 1
INFO 3/20/2024, 3:28:06 PM  [win] blur
INFO 3/20/2024, 3:28:07 PM  [focus] 1
INFO 3/20/2024, 3:28:09 PM  synced recovery
INFO 3/20/2024, 3:28:11 PM  synced recovery
INFO 3/20/2024, 3:28:12 PM  synced recovery
INFO 3/20/2024, 3:28:16 PM  synced recovery
INFO 3/20/2024, 3:28:22 PM  [blur] 1
INFO 3/20/2024, 3:28:22 PM  [win] blur
INFO 3/20/2024, 3:28:45 PM  [focus] 1
INFO 3/20/2024, 3:28:45 PM  [blur] 1
INFO 3/20/2024, 3:28:45 PM  [win] blur
INFO 3/20/2024, 3:29:27 PM  [focus] 1
INFO 3/20/2024, 3:29:28 PM  [blur] 1
INFO 3/20/2024, 3:29:28 PM  [win] blur
INFO 3/20/2024, 3:29:28 PM  [blur] 1
INFO 3/20/2024, 3:29:28 PM  [win] blur
INFO 3/20/2024, 3:29:37 PM  [focus] 1
INFO 3/20/2024, 3:29:41 PM  synced recovery
INFO 3/20/2024, 3:29:47 PM  [blur] 1
INFO 3/20/2024, 3:29:47 PM  [win] blur
INFO 3/20/2024, 3:29:48 PM  [focus] 1
INFO 3/20/2024, 3:29:49 PM  [blur] 1
INFO 3/20/2024, 3:29:49 PM  [win] blur
INFO 3/20/2024, 3:29:51 PM  [focus] 1
INFO 3/20/2024, 3:29:53 PM  synced recovery
INFO 3/20/2024, 3:29:55 PM  synced recovery
INFO 3/20/2024, 3:29:56 PM  synced recovery
INFO 3/20/2024, 3:29:58 PM  synced recovery
INFO 3/20/2024, 3:30:00 PM  synced recovery
INFO 3/20/2024, 3:30:03 PM  synced recovery
INFO 3/20/2024, 3:30:06 PM  synced recovery
INFO 3/20/2024, 3:30:14 PM  [blur] 1
INFO 3/20/2024, 3:30:14 PM  [win] blur
INFO 3/20/2024, 3:30:34 PM  [focus] 1
INFO 3/20/2024, 3:30:40 PM  [blur] 1
INFO 3/20/2024, 3:30:40 PM  [win] blur
INFO 3/20/2024, 3:32:57 PM  [focus] 1
INFO 3/20/2024, 3:33:00 PM  [blur] 1
INFO 3/20/2024, 3:33:00 PM  [win] blur
INFO 3/20/2024, 3:33:48 PM  [focus] 1
INFO 3/20/2024, 3:34:05 PM  [blur] 1
INFO 3/20/2024, 3:34:05 PM  [win] blur
INFO 3/20/2024, 3:35:01 PM  [focus] 1
INFO 3/20/2024, 3:35:02 PM  [blur] 1
INFO 3/20/2024, 3:35:02 PM  [win] blur
INFO 3/20/2024, 3:36:05 PM  [focus] 1
INFO 3/20/2024, 3:36:06 PM  [blur] 1
INFO 3/20/2024, 3:36:06 PM  [win] blur
INFO 3/20/2024, 3:36:07 PM  [focus] 1
INFO 3/20/2024, 3:36:08 PM  [blur] 1
INFO 3/20/2024, 3:36:08 PM  [win] blur
INFO 3/20/2024, 3:36:29 PM  [focus] 1
INFO 3/20/2024, 3:36:31 PM  [blur] 1
INFO 3/20/2024, 3:36:31 PM  [win] blur
INFO 3/20/2024, 3:36:34 PM  [focus] 1
INFO 3/20/2024, 3:36:35 PM  [blur] 1
INFO 3/20/2024, 3:36:35 PM  [win] blur
INFO 3/20/2024, 3:39:17 PM  [Power] suspend
INFO 3/20/2024, 3:39:17 PM  [Power] suspend
INFO 3/20/2024, 3:39:17 PM  [RenderProcess 1][Log] [powerMonitor] suspend
INFO 3/20/2024, 3:39:17 PM  [RenderProcess 1][Log] [powerMonitor] suspend
INFO 3/20/2024, 3:39:55 PM  [Power] resume
INFO 3/20/2024, 3:39:55 PM  [Power] resume
INFO 3/20/2024, 3:39:55 PM  [RenderProcess 1][Log] [powerMonitor] resume
INFO 3/20/2024, 3:39:55 PM  [RenderProcess 1][Log] [powerMonitor] resume
INFO 3/20/2024, 8:36:23 PM  launch with argv [/usr/share/typora/Typora]
INFO 3/20/2024, 8:36:23 PM  start LM in devVersion=false
INFO 3/20/2024, 8:36:23 PM  [Raven] instanceKey = 24e62d29-b5d6-4472-9c1f-516cbc5d8622
INFO 3/20/2024, 8:36:23 PM  [watch L]
INFO 3/20/2024, 8:36:23 PM  [L] installDate is 8/7/2023, trail remains: 0 days
INFO 3/20/2024, 8:36:23 PM  [watch L] hasL: true
INFO 3/20/2024, 8:36:23 PM  ------------------start------------------
INFO 3/20/2024, 8:36:23 PM  typora version: 1.6.6
INFO 3/20/2024, 8:36:23 PM  undefined
user-dict.json not found
INFO 3/20/2024, 8:36:23 PM  launch from abnormal quit
INFO 3/20/2024, 8:36:23 PM  recoverWindow {"id":1,"path":"/home/richtoo/Desktop/My-Wiki/docs/KnowledgeGraph/neo4j.md","untitledId":1710919196126,"type":"","useCRLF":false,"hasUnsaved":false,"scrollPos":164.44444274902344,"syncDate":1710919806973,"mountFolder":"/home/richtoo/Desktop/My-Wiki/docs"}
INFO 3/20/2024, 8:36:23 PM  addRecentDocument
INFO 3/20/2024, 8:36:23 PM  [focus] 1
INFO 3/20/2024, 8:36:23 PM  synced recovery
INFO 3/20/2024, 8:36:23 PM  [Raven] userId = f20e0823-a5df-43aa-933f-b61c2bb3cd7c
INFO 3/20/2024, 8:36:23 PM  ls put SLicense
INFO 3/20/2024, 8:36:23 PM  handle document.loadData
INFO 3/20/2024, 8:36:23 PM  [RenderProcess 1][Log] [UndoManager] reset commandStack
INFO 3/20/2024, 8:36:23 PM  [RenderProcess 1][Log] reset NodeMap
INFO 3/20/2024, 8:36:23 PM  [RenderProcess 1][Log] readContentFrom /home/richtoo/Desktop/My-Wiki/docs/KnowledgeGraph/neo4j.md
INFO 3/20/2024, 8:36:24 PM  synced recovery
INFO 3/20/2024, 8:36:24 PM  [RenderProcess 1][Log] onBecomeActive
INFO 3/20/2024, 8:36:24 PM  [RenderProcess 1][Log] File.activeWindow = true
INFO 3/20/2024, 8:36:39 PM  [blur] 1
INFO 3/20/2024, 8:36:39 PM  [win] blur
INFO 3/20/2024, 9:12:22 PM  [focus] 1
INFO 3/20/2024, 9:12:25 PM  switchDocument 1 [/home/richtoo/Desktop/My-Wiki/docs/RL/08Actor-Critic.md]
INFO 3/20/2024, 9:12:25 PM  addRecentDocument
INFO 3/20/2024, 9:12:25 PM  [RenderProcess 1][Log] File.activeWindow = true
INFO 3/20/2024, 9:12:25 PM  synced recovery
INFO 3/20/2024, 9:12:25 PM  [RenderProcess 1][Log] [UndoManager] reset commandStack
INFO 3/20/2024, 9:12:25 PM  [RenderProcess 1][Log] reset NodeMap
INFO 3/20/2024, 9:12:25 PM  [RenderProcess 1][Log] readContentFrom /home/richtoo/Desktop/My-Wiki/docs/RL/08Actor-Critic.md
INFO 3/20/2024, 9:12:25 PM  synced recovery
INFO 3/20/2024, 9:12:29 PM  switchDocument 1 [/home/richtoo/Desktop/My-Wiki/docs/RL/07Policy-Based.md]
INFO 3/20/2024, 9:12:29 PM  addRecentDocument
INFO 3/20/2024, 9:12:29 PM  [RenderProcess 1][Log] File.activeWindow = true
INFO 3/20/2024, 9:12:29 PM  [RenderProcess 1][Log] [UndoManager] reset commandStack
INFO 3/20/2024, 9:12:29 PM  [RenderProcess 1][Log] reset NodeMap
INFO 3/20/2024, 9:12:29 PM  synced recovery
INFO 3/20/2024, 9:12:29 PM  [RenderProcess 1][Log] readContentFrom /home/richtoo/Desktop/My-Wiki/docs/RL/07Policy-Based.md
INFO 3/20/2024, 9:12:29 PM  synced recovery
INFO 3/20/2024, 9:12:34 PM  switchDocument 1 [/home/richtoo/Desktop/My-Wiki/docs/RL/06VF-Approximation.md]
INFO 3/20/2024, 9:12:34 PM  addRecentDocument
INFO 3/20/2024, 9:12:34 PM  synced recovery
INFO 3/20/2024, 9:12:34 PM  [RenderProcess 1][Log] File.activeWindow = true
INFO 3/20/2024, 9:12:34 PM  [RenderProcess 1][Log] [UndoManager] reset commandStack
INFO 3/20/2024, 9:12:34 PM  [RenderProcess 1][Log] reset NodeMap
INFO 3/20/2024, 9:12:34 PM  [RenderProcess 1][Log] readContentFrom /home/richtoo/Desktop/My-Wiki/docs/RL/06VF-Approximation.md
INFO 3/20/2024, 9:12:34 PM  synced recovery
INFO 3/20/2024, 9:12:39 PM  [blur] 1
INFO 3/20/2024, 9:12:39 PM  [win] blur
INFO 3/20/2024, 9:22:08 PM  [focus] 1
INFO 3/20/2024, 9:22:09 PM  [blur] 1
INFO 3/20/2024, 9:22:09 PM  [win] blur
